app/proguard-rules.pro
# Add project specific ProGuard rules here.

# Keep data classes
-keep class com.exitreminder.exitdetection.domain.model.** { *; }
-keep class com.exitreminder.exitdetection.data.local.entity.** { *; }

# Room
-keep class * extends androidx.room.RoomDatabase
-keep @androidx.room.Entity class *
-dontwarn androidx.room.paging.**

# Hilt
-keep class dagger.hilt.** { *; }
-keep class javax.inject.** { *; }
-keepclassmembers class * {
    @dagger.hilt.* <fields>;
    @javax.inject.* <fields>;
    @dagger.hilt.* <methods>;
    @javax.inject.* <methods>;
}

# Kotlin Coroutines
-keepnames class kotlinx.coroutines.internal.MainDispatcherFactory {}
-keepnames class kotlinx.coroutines.CoroutineExceptionHandler {}
-keepclassmembers class kotlinx.coroutines.** {
    volatile <fields>;
}

# OkHttp
-dontwarn okhttp3.**
-dontwarn okio.**
-keep class okhttp3.** { *; }
-keep interface okhttp3.** { *; }

# Gson
-keepattributes Signature
-keepattributes *Annotation*
-keep class com.google.gson.** { *; }
-keep class * implements com.google.gson.TypeAdapterFactory
-keep class * implements com.google.gson.JsonSerializer
-keep class * implements com.google.gson.JsonDeserializer

# Keep generic signature of Flow and StateFlow
-keep,allowshrinking,allowobfuscation class kotlinx.coroutines.flow.** { *; }