app/build/outputs/mapping/release/seeds.txt
com.exitreminder.exitdetection.data.local.entity.FalseAlarmEntity
com.exitreminder.exitdetection.domain.model.ReminderStatus
com.exitreminder.exitdetection.MainActivity_GeneratedInjector
com.exitreminder.exitdetection.MainActivity
com.exitreminder.exitdetection.domain.model.LiveSensorData$Companion
com.exitreminder.exitdetection.domain.model.Direction
com.exitreminder.exitdetection.ExitDetectionApp
com.exitreminder.exitdetection.domain.model.PredictedExitType
com.exitreminder.exitdetection.domain.model.ExitType
com.exitreminder.exitdetection.presentation.screens.analysis.AnalysisViewModel
com.exitreminder.exitdetection.data.local.AppDatabase_Impl
com.exitreminder.exitdetection.presentation.screens.home.HomeViewModel
com.exitreminder.exitdetection.ExitDetectionApp_GeneratedInjector
com.exitreminder.exitdetection.data.local.entity.ExitEventEntity
com.exitreminder.exitdetection.data.local.entity.ReminderEntity
com.exitreminder.exitdetection.domain.model.ExitStatus
com.exitreminder.exitdetection.domain.model.ExitPrediction
com.exitreminder.exitdetection.receiver.ReminderActionReceiver
com.exitreminder.exitdetection.presentation.screens.reminder.ReminderConfigViewModel
com.exitreminder.exitdetection.service.ExitMonitorService
com.exitreminder.exitdetection.domain.model.Direction$Companion
com.exitreminder.exitdetection.domain.model.FalseAlarmReport
com.exitreminder.exitdetection.domain.model.FalseAlarmReason
com.exitreminder.exitdetection.domain.model.FloorChange
com.exitreminder.exitdetection.domain.model.BuildingType
com.exitreminder.exitdetection.domain.model.ExitPoint
com.exitreminder.exitdetection.domain.model.Trend
com.exitreminder.exitdetection.domain.model.ExitFactor
com.exitreminder.exitdetection.receiver.ReminderActionReceiver_GeneratedInjector
com.exitreminder.exitdetection.receiver.BootReceiver_GeneratedInjector
com.exitreminder.exitdetection.receiver.BootReceiver
com.exitreminder.exitdetection.domain.model.LocationProfile
com.exitreminder.exitdetection.domain.model.StreetType
com.exitreminder.exitdetection.domain.model.ExitEvent
com.exitreminder.exitdetection.presentation.screens.livetest.LiveTestViewModel
com.exitreminder.exitdetection.domain.model.Reminder
com.exitreminder.exitdetection.domain.model.LocationAnalysis
com.exitreminder.exitdetection.data.local.AppDatabase
com.exitreminder.exitdetection.domain.model.ExitEventType
com.exitreminder.exitdetection.service.ExitMonitorService_GeneratedInjector
com.exitreminder.exitdetection.domain.model.LiveSensorData
com.exitreminder.exitdetection.domain.model.BuildingType: com.exitreminder.exitdetection.domain.model.BuildingType APARTMENT
com.exitreminder.exitdetection.domain.model.LocationProfile: java.lang.Integer totalFloors
com.exitreminder.exitdetection.domain.model.LocationAnalysis: com.exitreminder.exitdetection.domain.model.LocationProfile profile
com.exitreminder.exitdetection.domain.model.LiveSensorData: int wifiSignal
com.exitreminder.exitdetection.domain.model.ReminderStatus: long reminderId
com.exitreminder.exitdetection.domain.model.Trend: java.lang.String symbol
com.exitreminder.exitdetection.domain.model.LocationAnalysis: boolean wifiComplete
com.exitreminder.exitdetection.data.local.entity.ReminderEntity: java.lang.String reminderText
com.exitreminder.exitdetection.data.local.entity.ReminderEntity: java.lang.String buildingType
com.exitreminder.exitdetection.domain.model.Reminder: int triggerCount
com.exitreminder.exitdetection.data.local.entity.ReminderEntity: java.lang.String name
com.exitreminder.exitdetection.domain.model.ExitFactor: float value
com.exitreminder.exitdetection.domain.model.LiveSensorData: com.exitreminder.exitdetection.domain.model.Direction currentDirection
com.exitreminder.exitdetection.domain.model.LocationProfile: com.exitreminder.exitdetection.domain.model.Direction nearestStreetDirection
com.exitreminder.exitdetection.domain.model.Reminder: java.lang.String name
...
okhttp3.internal.platform.Android10Platform$Companion: boolean isSupported()
kotlinx.coroutines.flow.FlowKt__ShareKt$launchSharing$1$2: java.lang.Object invokeSuspend(java.lang.Object)
androidx.compose.ui.platform.TextToolbarHelperMethods: void invalidateContentRect(android.view.ActionMode)
androidx.compose.ui.platform.AndroidComposeViewForceDarkModeQ: void disallowForceDark(android.view.View)
androidx.core.graphics.drawable.IconCompat$Api28Impl: int getType(java.lang.Object)
androidx.core.view.DisplayCutoutCompat$Api28Impl: int getSafeInsetTop(android.view.DisplayCutout)
kotlinx.coroutines.JobSupport: kotlin.coroutines.CoroutineContext$Key getKey()
kotlinx.coroutines.flow.internal.ChannelFlow: java.lang.Object collect$suspendImpl(kotlinx.coroutines.flow.internal.ChannelFlow,kotlinx.coroutines.flow.FlowCollector,kotlin.coroutines.Continuation)
com.google.gson.stream.JsonReader: java.lang.String nextQuotedValue(char)
okhttp3.CacheControl$Builder: CacheControl$Builder()
androidx.compose.ui.platform.AndroidComposeView: androidx.compose.ui.text.font.FontFamily$Resolver getFontFamilyResolver()
okhttp3.CipherSuite$Companion$ORDER_BY_NAME$1: int compare(java.lang.String,java.lang.String)
okhttp3.HttpUrl$Builder$Companion: int access$portColonOffset(okhttp3.HttpUrl$Builder$Companion,java.lang.String,int,int)
okhttp3.Address: java.util.List -deprecated_protocols()
okhttp3.Request$Builder: okhttp3.Request$Builder delete$default(okhttp3.Request$Builder,okhttp3.RequestBody,int,java.lang.Object)
kotlinx.coroutines.flow.FlowKt__LimitKt$dropWhile$1$1: java.lang.Object emit(java.lang.Object,kotlin.coroutines.Continuation)
androidx.compose.ui.platform.AndroidComposeView: boolean getHasPendingMeasureOrLayout()
okhttp3.Handshake: java.security.Principal -deprecated_localPrincipal()
com.google.gson.stream.JsonWriter: com.google.gson.stream.JsonWriter beginArray()
okhttp3.internal.http2.Huffman: void decode(okio.BufferedSource,long,okio.BufferedSink)
okhttp3.HttpUrl: java.lang.String host()
com.google.gson.JsonObject: java.util.Set entrySet()
dagger.hilt.android.internal.lifecycle.HiltViewModelFactory$1: androidx.lifecycle.ViewModel create(java.lang.String,java.lang.Class,androidx.lifecycle.SavedStateHandle)
okhttp3.internal.platform.android.BouncyCastleSocketAdapter: javax.net.ssl.X509TrustManager trustManager(javax.net.ssl.SSLSocketFactory)
androidx.core.view.ViewCompat$Api21Impl: boolean startNestedScroll(android.view.View,int)
com.google.gson.internal.LinkedTreeMap$KeySet$1: java.lang.Object next()
okhttp3.HttpUrl: java.util.List -deprecated_pathSegments()
okhttp3.internal.http2.Http2Writer: void writeContinuationFrames(int,long)
androidx.compose.foundation.MutatePriority: androidx.compose.foundation.MutatePriority valueOf(java.lang.String)
androidx.compose.ui.text.style.ResolvedTextDirection: androidx.compose.ui.text.style.ResolvedTextDirection valueOf(java.lang.String)
okhttp3.internal.http1.Http1ExchangeCodec: boolean isChunked(okhttp3.Response)
com.google.gson.internal.bind.NumberTypeAdapter: java.lang.Object read(com.google.gson.stream.JsonReader)
okhttp3.TlsVersion$Companion: okhttp3.TlsVersion forJavaName(java.lang.String)
dagger.hilt.internal.UnsafeCasts: UnsafeCasts()
androidx.compose.ui.platform.AndroidComposeView: android.view.View findViewByAccessibilityIdTraversal(int)
androidx.core.view.accessibility.AccessibilityNodeInfoCompat$Api33Impl: androidx.core.view.accessibility.AccessibilityNodeInfoCompat$CollectionItemInfoCompat buildCollectionItemInfoCompat(boolean,int,int,int,int,boolean,java.lang.String,java.lang.String)
okhttp3.internal.platform.android.Android10SocketAdapter: void configureTlsExtensions(javax.net.ssl.SSLSocket,java.lang.String,java.util.List)
okhttp3.Cookie$Builder: okhttp3.Cookie$Builder path(java.lang.String)
okhttp3.Cookie: Cookie(java.lang.String,java.lang.String,long,java.lang.String,java.lang.String,boolean,boolean,boolean,boolean)