app/build/outputs/mapping/release/usage.txt
com.exitreminder.exitdetection.DaggerExitDetectionApp_HiltComponents_SingletonC$Builder:
    public com.exitreminder.exitdetection.DaggerExitDetectionApp_HiltComponents_SingletonC$Builder appModule(com.exitreminder.exitdetection.di.AppModule)
    public com.exitreminder.exitdetection.DaggerExitDetectionApp_HiltComponents_SingletonC$Builder hiltWrapper_FragmentGetContextFix_FragmentGetContextFixModule(dagger.hilt.android.flags.HiltWrapper_FragmentGetContextFix_FragmentGetContextFixModule)
com.exitreminder.exitdetection.DaggerExitDetectionApp_HiltComponents_SingletonC:
    private void <init>()
com.exitreminder.exitdetection.ExitDetectionApp:
    public static final int $stable
    public static final java.lang.String CHANNEL_ID_ALERTS
    public static final java.lang.String CHANNEL_ID_MONITORING
com.exitreminder.exitdetection.ExitDetectionApp_ComponentTreeDeps
com.exitreminder.exitdetection.ExitDetectionApp_HiltComponents$ActivityC$Builder
com.exitreminder.exitdetection.ExitDetectionApp_HiltComponents$ActivityCBuilderModule
com.exitreminder.exitdetection.ExitDetectionApp_HiltComponents$ActivityRetainedC$Builder
com.exitreminder.exitdetection.ExitDetectionApp_HiltComponents$ActivityRetainedCBuilderModule
com.exitreminder.exitdetection.ExitDetectionApp_HiltComponents$FragmentC$Builder
com.exitreminder.exitdetection.ExitDetectionApp_HiltComponents$FragmentCBuilderModule
com.exitreminder.exitdetection.ExitDetectionApp_HiltComponents$ServiceC$Builder
com.exitreminder.exitdetection.ExitDetectionApp_HiltComponents$ServiceCBuilderModule
com.exitreminder.exitdetection.ExitDetectionApp_HiltComponents$ViewC$Builder
com.exitreminder.exitdetection.ExitDetectionApp_HiltComponents$ViewCBuilderModule
com.exitreminder.exitdetection.ExitDetectionApp_HiltComponents$ViewModelC$Builder
com.exitreminder.exitdetection.ExitDetectionApp_HiltComponents$ViewModelCBuilderModule
com.exitreminder.exitdetection.ExitDetectionApp_HiltComponents$ViewWithFragmentC$Builder
com.exitreminder.exitdetection.ExitDetectionApp_HiltComponents$ViewWithFragmentCBuilderModule
com.exitreminder.exitdetection.ExitDetectionApp_HiltComponents
com.exitreminder.exitdetection.Hilt_MainActivity:
    void <init>(int)
com.exitreminder.exitdetection.R$color
com.exitreminder.exitdetection.R$drawable:
    public static int ic_launcher_background
    public static int ic_launcher_foreground
    private void <init>()
com.exitreminder.exitdetection.R$mipmap
com.exitreminder.exitdetection.R$string
com.exitreminder.exitdetection.R$style
com.exitreminder.exitdetection.R
com.exitreminder.exitdetection.data.local.AppDatabase:
    public static final int $stable
com.exitreminder.exitdetection.data.local.AppDatabase_Impl:
    public void clearAllTables()
com.exitreminder.exitdetection.data.local.dao.ReminderDao$DefaultImpls
com.exitreminder.exitdetection.data.local.dao.ReminderDao:
    public abstract java.lang.Object countFalseAlarmsByReason(long,java.lang.String,kotlin.coroutines.Continuation)
    public abstract java.lang.Object deleteOldEvents(long,kotlin.coroutines.Continuation)
    public abstract java.lang.Object deleteReminder(com.exitreminder.exitdetection.data.local.entity.ReminderEntity,kotlin.coroutines.Continuation)
    public abstract java.lang.Object getActiveRemindersNow(kotlin.coroutines.Continuation)
    public abstract kotlinx.coroutines.flow.Flow getAllEvents(int)
    public abstract kotlinx.coroutines.flow.Flow getEventsForReminder(long,int)
    public abstract kotlinx.coroutines.flow.Flow getFalseAlarmsForReminder(long)
    public abstract java.lang.Object getReminderBySsid(java.lang.String,kotlin.coroutines.Continuation)
    public abstract java.lang.Object getReminderCount(kotlin.coroutines.Continuation)
    public abstract java.lang.Object markTriggered(long,long,kotlin.coroutines.Continuation)
    public abstract java.lang.Object updateReminder(com.exitreminder.exitdetection.data.local.entity.ReminderEntity,kotlin.coroutines.Continuation)
...
androidx.core.location.GnssStatusWrapper$Api26Impl
androidx.core.location.GnssStatusWrapper$Api30Impl
androidx.core.location.GnssStatusWrapper
androidx.core.location.GpsStatusWrapper
androidx.core.location.LocationCompat$Api17Impl
androidx.core.location.LocationCompat$Api18Impl
androidx.core.location.LocationCompat$Api26Impl
androidx.core.location.LocationCompat$Api28Impl
androidx.core.location.LocationCompat$Api29Impl
androidx.core.location.LocationCompat$Api33Impl
androidx.core.location.LocationCompat$Api34Impl
androidx.core.location.LocationCompat
androidx.core.location.LocationKt
androidx.core.location.LocationListenerCompat
androidx.core.location.LocationManagerCompat$Api19Impl
androidx.core.location.LocationManagerCompat$Api24Impl
androidx.core.location.LocationManagerCompat$Api28Impl
androidx.core.location.LocationManagerCompat$Api30Impl
androidx.core.location.LocationManagerCompat$Api31Impl
androidx.core.location.LocationManagerCompat$CancellableLocationListener
androidx.core.location.LocationManagerCompat$GnssListenersHolder
androidx.core.location.LocationManagerCompat$GnssMeasurementsTransport
androidx.core.location.LocationManagerCompat$GnssStatusTransport
androidx.core.location.LocationManagerCompat$GpsStatusTransport
androidx.core.location.LocationManagerCompat$InlineHandlerExecutor
androidx.core.location.LocationManagerCompat$LocationListenerKey
androidx.core.location.LocationManagerCompat$LocationListenerTransport
androidx.core.location.LocationManagerCompat$PreRGnssStatusTransport
androidx.core.location.LocationManagerCompat
androidx.core.location.LocationRequestCompat$Api19Impl
androidx.core.location.LocationRequestCompat$Api31Impl
androidx.core.location.LocationRequestCompat$Builder
androidx.core.location.LocationRequestCompat$Quality
androidx.core.location.LocationRequestCompat
androidx.core.math.MathUtils
androidx.core.net.ConnectivityManagerCompat$Api16Impl
androidx.core.net.ConnectivityManagerCompat$Api24Impl
androidx.core.net.ConnectivityManagerCompat$RestrictBackgroundStatus
androidx.core.net.ConnectivityManagerCompat
androidx.core.net.DatagramSocketWrapper$DatagramSocketImplWrapper
androidx.core.net.DatagramSocketWrapper
androidx.core.net.MailTo
androidx.core.net.ParseException
androidx.core.net.TrafficStatsCompat$Api24Impl
androidx.core.net.TrafficStatsCompat
androidx.core.net.UriCompat
androidx.core.net.UriKt
androidx.core.os.BuildCompat$Api30Impl
androidx.core.os.BuildCompat$PrereleaseSdkCheck
androidx.core.os.BuildCompat
androidx.core.os.BundleCompat$Api18Impl
androidx.core.os.BundleCompat$Api33Impl
androidx.core.os.BundleCompat$BeforeApi18Impl
androidx.core.os.BundleCompat
androidx.core.os.BundleKt:
    public static final android.os.Bundle bundleOf()
androidx.core.os.CancellationSignal$Api16Impl:
    private void <init>()
androidx.core.os.CancellationSignal:
    public java.lang.Object getCancellationSignalObject()
    public boolean isCanceled()
    public void throwIfCanceled()
androidx.core.os.ConfigurationCompat$Api17Impl
androidx.core.os.ConfigurationCompat$Api24Impl:
    private void <init>()
androidx.core.os.ConfigurationCompat:
    private void <init>()
    public static void setLocales(android.content.res.Configuration,androidx.core.os.LocaleListCompat)
androidx.core.os.ContinuationOutcomeReceiver
androidx.core.os.EnvironmentCompat$Api19Impl
androidx.core.os.EnvironmentCompat$Api21Impl
androidx.core.os.EnvironmentCompat
androidx.core.os.ExecutorCompat$HandlerExecutor
androidx.core.os.ExecutorCompat
androidx.core.os.HandlerCompat$Api28Impl:
    private void <init>()
    public static android.os.Handler createAsync(android.os.Looper,android.os.Handler$Callback)
    public static boolean postDelayed(android.os.Handler,java.lang.Runnable,java.lang.Object,long)
androidx.core.os.HandlerCompat$Api29Impl